{"message":"connected to port","level":"info"}
{"message":"error caught","level":"error"}
{"message":"connected to port","level":"info","timestamp":"2021-02-22T10:19:20.321Z"}
{"message":"error caught","level":"error","timestamp":"2021-02-22T10:19:20.322Z"}
{"message":"connected to port","level":"info","timestamp":"2021-02-22T10:21:29.685Z"}
{"message":"error caught","level":"error","timestamp":"2021-02-22T10:21:29.687Z"}
{"message":"connected to port","level":"info"}
{"message":"error caught","level":"error"}
{"message":"connected to port","level":"info"}
{"message":"error caught","level":"error"}
{"message":"connected to port","level":"info"}
{"message":"error caught","level":"error"}
{"message":"connected to port","level":"info"}
{"message":"error caught","level":"error"}
{"message":"connected to port","level":"info"}
{"message":"error caught","level":"error"}
{"message":"connected to port","level":"info"}
{"message":"error caught","level":"error"}
{"message":"connected to port","level":"info"}
{"message":"error caught","level":"error"}
{"message":"connected to port","level":"info"}
{"message":"error caught","level":"error"}
{"message":"connected to port","level":"info"}
{"message":"error caught","level":"error"}
{"message":"connected to port","level":"info"}
{"message":"error caught","level":"error"}
{"message":"connected to port","level":"info"}
{"message":"error caught","level":"error"}
{"message":"connected to port","level":"info"}
{"message":"error caught","level":"error"}
{"message":"pagenot found","level":"error"}
{"message":"pagenot found","level":"error"}
{"message":"pagenot found","level":"error"}
{"message":"pagenot found","level":"error"}
{"message":"pagenot found","level":"error"}
{"message":"pagenot found","level":"error"}
{"message":"pagenot found","level":"error"}
{"message":"pagenot found","level":"error"}
{"message":"pagenot found","level":"error"}
{"message":"pagenot found","level":"error"}
{"message":"pagenot found","level":"error"}
{"message":"pagenot found","level":"error"}
{"message":"pagenot found","level":"error"}
{"message":"pagenot found","level":"error"}
{"message":"pagenot found","level":"error"}
{"message":"pagenot found","level":"error"}
{"message":"pagenot found","level":"error"}
{"message":"pagenot found","level":"error"}
{"message":"connected to port","level":"info"}
{"message":"error caught","level":"error"}
{"message":"pagenot found","level":"error"}
{"message":"pagenot found","level":"error"}
{"message":"pagenot found","level":"error"}
{"message":"pagenot found","level":"error"}
{"message":"pagenot found","level":"error"}
{"message":"pagenot found","level":"error"}
